This is pdfTeX, Version 3.141592653-2.6-1.40.26 (TeX Live 2024) (preloaded format=pdflatex 2024.11.16)  1 DEC 2024 01:41
entering extended mode
 restricted \write18 enabled.
 %&-line parsing enabled.
**sprawozdanie.tex
(./sprawozdanie.tex
LaTeX2e <2024-11-01>
L3 programming layer <2024-11-02>
(c:/Program Files/texlive/2024/texmf-dist/tex/latex/base/article.cls
Document Class: article 2024/06/29 v1.4n Standard LaTeX document class
(c:/Program Files/texlive/2024/texmf-dist/tex/latex/base/size12.clo
File: size12.clo 2024/06/29 v1.4n Standard LaTeX file (size option)
)
\c@part=\count196
\c@section=\count197
\c@subsection=\count198
\c@subsubsection=\count199
\c@paragraph=\count266
\c@subparagraph=\count267
\c@figure=\count268
\c@table=\count269
\abovecaptionskip=\skip49
\belowcaptionskip=\skip50
\bibindent=\dimen141
)
(c:/Program Files/texlive/2024/texmf-dist/tex/latex/base/inputenc.sty
Package: inputenc 2024/02/08 v1.3d Input encoding file
\inpenc@prehook=\toks17
\inpenc@posthook=\toks18
)
(c:/Program Files/texlive/2024/texmf-dist/tex/latex/base/fontenc.sty
Package: fontenc 2021/04/29 v2.0v Standard LaTeX package
)
(c:/Program Files/texlive/2024/texmf-dist/tex/generic/babel/babel.sty
Package: babel 2024/11/08 v24.13 The multilingual framework for pdfLaTeX, LuaLa
TeX and XeLaTeX
\babel@savecnt=\count270
\U@D=\dimen142
\l@unhyphenated=\language89

(c:/Program Files/texlive/2024/texmf-dist/tex/generic/babel/txtbabel.def)
\bbl@readstream=\read2
\bbl@dirlevel=\count271

(c:/Program Files/texlive/2024/texmf-dist/tex/generic/babel-polish/polish.ldf
Language: polish 2022/03/12 1.3 Babel support for Polish
Package babel Info: Making " an active character on input line 101.
))
(c:/Program Files/texlive/2024/texmf-dist/tex/generic/babel/locale/pl/babel-pol
ish.tex
Package babel Info: Importing font and identification data for polish
(babel)             from babel-pl.ini. Reported on input line 11.
)
(c:/Program Files/texlive/2024/texmf-dist/tex/latex/hyperref/hyperref.sty
Package: hyperref 2024-11-05 v7.01l Hypertext links for LaTeX

(c:/Program Files/texlive/2024/texmf-dist/tex/generic/iftex/iftex.sty
Package: iftex 2022/02/03 v1.0f TeX engine tests
)
(c:/Program Files/texlive/2024/texmf-dist/tex/latex/graphics/keyval.sty
Package: keyval 2022/05/29 v1.15 key=value parser (DPC)
\KV@toks@=\toks19
)
(c:/Program Files/texlive/2024/texmf-dist/tex/latex/kvsetkeys/kvsetkeys.sty
Package: kvsetkeys 2022-10-05 v1.19 Key value parser (HO)
)
(c:/Program Files/texlive/2024/texmf-dist/tex/generic/kvdefinekeys/kvdefinekeys
.sty
Package: kvdefinekeys 2019-12-19 v1.6 Define keys (HO)
)
(c:/Program Files/texlive/2024/texmf-dist/tex/generic/pdfescape/pdfescape.sty
Package: pdfescape 2019/12/09 v1.15 Implements pdfTeX's escape features (HO)

(c:/Program Files/texlive/2024/texmf-dist/tex/generic/ltxcmds/ltxcmds.sty
Package: ltxcmds 2023-12-04 v1.26 LaTeX kernel commands for general use (HO)
)
(c:/Program Files/texlive/2024/texmf-dist/tex/generic/pdftexcmds/pdftexcmds.sty
Package: pdftexcmds 2020-06-27 v0.33 Utility functions of pdfTeX for LuaTeX (HO
)
(c:/Program Files/texlive/2024/texmf-dist/tex/generic/infwarerr/infwarerr.sty
Package: infwarerr 2019/12/03 v1.5 Providing info/warning/error messages (HO)
)
Package pdftexcmds Info: \pdf@primitive is available.
Package pdftexcmds Info: \pdf@ifprimitive is available.
Package pdftexcmds Info: \pdfdraftmode found.
)) (c:/Program Files/texlive/2024/texmf-dist/tex/latex/hycolor/hycolor.sty
Package: hycolor 2020-01-27 v1.10 Color options for hyperref/bookmark (HO)
)
(c:/Program Files/texlive/2024/texmf-dist/tex/latex/hyperref/nameref.sty
Package: nameref 2023-11-26 v2.56 Cross-referencing by name of section

(c:/Program Files/texlive/2024/texmf-dist/tex/latex/refcount/refcount.sty
Package: refcount 2019/12/15 v3.6 Data extraction from label references (HO)
)
(c:/Program Files/texlive/2024/texmf-dist/tex/generic/gettitlestring/gettitlest
ring.sty
Package: gettitlestring 2019/12/15 v1.6 Cleanup title references (HO)

(c:/Program Files/texlive/2024/texmf-dist/tex/latex/kvoptions/kvoptions.sty
Package: kvoptions 2022-06-15 v3.15 Key value format for package options (HO)
))
\c@section@level=\count272
)
(c:/Program Files/texlive/2024/texmf-dist/tex/latex/etoolbox/etoolbox.sty
Package: etoolbox 2020/10/05 v2.5k e-TeX tools for LaTeX (JAW)
\etb@tempcnta=\count273
)
(c:/Program Files/texlive/2024/texmf-dist/tex/generic/stringenc/stringenc.sty
Package: stringenc 2019/11/29 v1.12 Convert strings between diff. encodings (HO
)
)
\@linkdim=\dimen143
\Hy@linkcounter=\count274
\Hy@pagecounter=\count275

(c:/Program Files/texlive/2024/texmf-dist/tex/latex/hyperref/pd1enc.def
File: pd1enc.def 2024-11-05 v7.01l Hyperref: PDFDocEncoding definition (HO)
Now handling font encoding PD1 ...
... no UTF-8 mapping file for font encoding PD1
)
(c:/Program Files/texlive/2024/texmf-dist/tex/generic/intcalc/intcalc.sty
Package: intcalc 2019/12/15 v1.3 Expandable calculations with integers (HO)
)
\Hy@SavedSpaceFactor=\count276

(c:/Program Files/texlive/2024/texmf-dist/tex/latex/hyperref/puenc.def
File: puenc.def 2024-11-05 v7.01l Hyperref: PDF Unicode definition (HO)
Now handling font encoding PU ...
... no UTF-8 mapping file for font encoding PU
)
Package hyperref Info: Hyper figures OFF on input line 4157.
Package hyperref Info: Link nesting OFF on input line 4162.
Package hyperref Info: Hyper index ON on input line 4165.
Package hyperref Info: Plain pages OFF on input line 4172.
Package hyperref Info: Backreferencing OFF on input line 4177.
Package hyperref Info: Implicit mode ON; LaTeX internals redefined.
Package hyperref Info: Bookmarks ON on input line 4424.
\c@Hy@tempcnt=\count277

(c:/Program Files/texlive/2024/texmf-dist/tex/latex/url/url.sty
\Urlmuskip=\muskip17
Package: url 2013/09/16  ver 3.4  Verb mode for urls, etc.
)
LaTeX Info: Redefining \url on input line 4763.
\XeTeXLinkMargin=\dimen144

(c:/Program Files/texlive/2024/texmf-dist/tex/generic/bitset/bitset.sty
Package: bitset 2019/12/09 v1.3 Handle bit-vector datatype (HO)

(c:/Program Files/texlive/2024/texmf-dist/tex/generic/bigintcalc/bigintcalc.sty
Package: bigintcalc 2019/12/15 v1.5 Expandable calculations on big integers (HO
)
))
\Fld@menulength=\count278
\Field@Width=\dimen145
\Fld@charsize=\dimen146
Package hyperref Info: Hyper figures OFF on input line 6042.
Package hyperref Info: Link nesting OFF on input line 6047.
Package hyperref Info: Hyper index ON on input line 6050.
Package hyperref Info: backreferencing OFF on input line 6057.
Package hyperref Info: Link coloring OFF on input line 6062.
Package hyperref Info: Link coloring with OCG OFF on input line 6067.
Package hyperref Info: PDF/A mode OFF on input line 6072.
 (c:/Program Files/texlive/2024/texmf-dist/tex/latex/base/atbegshi-ltx.sty
Package: atbegshi-ltx 2021/01/10 v1.0c Emulation of the original atbegshi
package with kernel methods
)
\Hy@abspage=\count279
\c@Item=\count280
\c@Hfootnote=\count281
)
Package hyperref Info: Driver (autodetected): hpdftex.

(c:/Program Files/texlive/2024/texmf-dist/tex/latex/hyperref/hpdftex.def
File: hpdftex.def 2024-11-05 v7.01l Hyperref driver for pdfTeX

(c:/Program Files/texlive/2024/texmf-dist/tex/latex/base/atveryend-ltx.sty
Package: atveryend-ltx 2020/08/19 v1.0a Emulation of the original atveryend pac
kage
with kernel methods
)
\Fld@listcount=\count282
\c@bookmark@seq@number=\count283

(c:/Program Files/texlive/2024/texmf-dist/tex/latex/rerunfilecheck/rerunfileche
ck.sty
Package: rerunfilecheck 2022-07-10 v1.10 Rerun checks for auxiliary files (HO)

(c:/Program Files/texlive/2024/texmf-dist/tex/generic/uniquecounter/uniquecount
er.sty
Package: uniquecounter 2019/12/15 v1.4 Provide unlimited unique counter (HO)
)
Package uniquecounter Info: New unique counter `rerunfilecheck' on input line 2
85.
)
\Hy@SectionHShift=\skip51
)
(c:/Program Files/texlive/2024/texmf-dist/tex/latex/amsmath/amsmath.sty
Package: amsmath 2024/11/05 v2.17t AMS math features
\@mathmargin=\skip52

For additional information on amsmath, use the `?' option.
(c:/Program Files/texlive/2024/texmf-dist/tex/latex/amsmath/amstext.sty
Package: amstext 2021/08/26 v2.01 AMS text

(c:/Program Files/texlive/2024/texmf-dist/tex/latex/amsmath/amsgen.sty
File: amsgen.sty 1999/11/30 v2.0 generic functions
\@emptytoks=\toks20
\ex@=\dimen147
))
(c:/Program Files/texlive/2024/texmf-dist/tex/latex/amsmath/amsbsy.sty
Package: amsbsy 1999/11/29 v1.2d Bold Symbols
\pmbraise@=\dimen148
)
(c:/Program Files/texlive/2024/texmf-dist/tex/latex/amsmath/amsopn.sty
Package: amsopn 2022/04/08 v2.04 operator names
)
\inf@bad=\count284
LaTeX Info: Redefining \frac on input line 233.
\uproot@=\count285
\leftroot@=\count286
LaTeX Info: Redefining \overline on input line 398.
LaTeX Info: Redefining \colon on input line 409.
\classnum@=\count287
\DOTSCASE@=\count288
LaTeX Info: Redefining \ldots on input line 495.
LaTeX Info: Redefining \dots on input line 498.
LaTeX Info: Redefining \cdots on input line 619.
\Mathstrutbox@=\box52
\strutbox@=\box53
LaTeX Info: Redefining \big on input line 721.
LaTeX Info: Redefining \Big on input line 722.
LaTeX Info: Redefining \bigg on input line 723.
LaTeX Info: Redefining \Bigg on input line 724.
\big@size=\dimen149
LaTeX Font Info:    Redeclaring font encoding OML on input line 742.
LaTeX Font Info:    Redeclaring font encoding OMS on input line 743.
\macc@depth=\count289
LaTeX Info: Redefining \bmod on input line 904.
LaTeX Info: Redefining \pmod on input line 909.
LaTeX Info: Redefining \smash on input line 939.
LaTeX Info: Redefining \relbar on input line 969.
LaTeX Info: Redefining \Relbar on input line 970.
\c@MaxMatrixCols=\count290
\dotsspace@=\muskip18
\c@parentequation=\count291
\dspbrk@lvl=\count292
\tag@help=\toks21
\row@=\count293
\column@=\count294
\maxfields@=\count295
\andhelp@=\toks22
\eqnshift@=\dimen150
\alignsep@=\dimen151
\tagshift@=\dimen152
\tagwidth@=\dimen153
\totwidth@=\dimen154
\lineht@=\dimen155
\@envbody=\toks23
\multlinegap=\skip53
\multlinetaggap=\skip54
\mathdisplay@stack=\toks24
LaTeX Info: Redefining \[ on input line 2953.
LaTeX Info: Redefining \] on input line 2954.
)
(c:/Program Files/texlive/2024/texmf-dist/tex/latex/amsfonts/amssymb.sty
Package: amssymb 2013/01/14 v3.01 AMS font symbols

(c:/Program Files/texlive/2024/texmf-dist/tex/latex/amsfonts/amsfonts.sty
Package: amsfonts 2013/01/14 v3.01 Basic AMSFonts support
\symAMSa=\mathgroup4
\symAMSb=\mathgroup5
LaTeX Font Info:    Redeclaring math symbol \hbar on input line 98.
LaTeX Font Info:    Overwriting math alphabet `\mathfrak' in version `bold'
(Font)                  U/euf/m/n --> U/euf/b/n on input line 106.
))
(c:/Program Files/texlive/2024/texmf-dist/tex/latex/graphics/graphicx.sty
Package: graphicx 2021/09/16 v1.2d Enhanced LaTeX Graphics (DPC,SPQR)

(c:/Program Files/texlive/2024/texmf-dist/tex/latex/graphics/graphics.sty
Package: graphics 2024/08/06 v1.4g Standard LaTeX Graphics (DPC,SPQR)

(c:/Program Files/texlive/2024/texmf-dist/tex/latex/graphics/trig.sty
Package: trig 2023/12/02 v1.11 sin cos tan (DPC)
)
(c:/Program Files/texlive/2024/texmf-dist/tex/latex/graphics-cfg/graphics.cfg
File: graphics.cfg 2016/06/04 v1.11 sample graphics configuration
)
Package graphics Info: Driver file: pdftex.def on input line 106.

(c:/Program Files/texlive/2024/texmf-dist/tex/latex/graphics-def/pdftex.def
File: pdftex.def 2024/04/13 v1.2c Graphics/color driver for pdftex
))
\Gin@req@height=\dimen156
\Gin@req@width=\dimen157
)
(c:/Program Files/texlive/2024/texmf-dist/tex/latex/enumitem/enumitem.sty
Package: enumitem 2019/06/20 v3.9 Customized lists
\labelindent=\skip55
\enit@outerparindent=\dimen158
\enit@toks=\toks25
\enit@inbox=\box54
\enit@count@id=\count296
\enitdp@description=\count297
)
(c:/Program Files/texlive/2024/texmf-dist/tex/latex/setspace/setspace.sty
Package: setspace 2022/12/04 v6.7b set line spacing
)
(c:/Program Files/texlive/2024/texmf-dist/tex/latex/geometry/geometry.sty
Package: geometry 2020/01/02 v5.9 Page Geometry

(c:/Program Files/texlive/2024/texmf-dist/tex/generic/iftex/ifvtex.sty
Package: ifvtex 2019/10/25 v1.7 ifvtex legacy package. Use iftex instead.
)
\Gm@cnth=\count298
\Gm@cntv=\count299
\c@Gm@tempcnt=\count300
\Gm@bindingoffset=\dimen159
\Gm@wd@mp=\dimen160
\Gm@odd@mp=\dimen161
\Gm@even@mp=\dimen162
\Gm@layoutwidth=\dimen163
\Gm@layoutheight=\dimen164
\Gm@layouthoffset=\dimen165
\Gm@layoutvoffset=\dimen166
\Gm@dimlist=\toks26
)
(c:/Program Files/texlive/2024/texmf-dist/tex/latex/xcolor/xcolor.sty
Package: xcolor 2024/09/29 v3.02 LaTeX color extensions (UK)

(c:/Program Files/texlive/2024/texmf-dist/tex/latex/graphics-cfg/color.cfg
File: color.cfg 2016/01/02 v1.6 sample color configuration
)
Package xcolor Info: Driver file: pdftex.def on input line 274.

(c:/Program Files/texlive/2024/texmf-dist/tex/latex/graphics/mathcolor.ltx)
Package xcolor Info: Model `cmy' substituted by `cmy0' on input line 1349.
Package xcolor Info: Model `hsb' substituted by `rgb' on input line 1353.
Package xcolor Info: Model `RGB' extended on input line 1365.
Package xcolor Info: Model `HTML' substituted by `rgb' on input line 1367.
Package xcolor Info: Model `Hsb' substituted by `hsb' on input line 1368.
Package xcolor Info: Model `tHsb' substituted by `hsb' on input line 1369.
Package xcolor Info: Model `HSB' substituted by `hsb' on input line 1370.
Package xcolor Info: Model `Gray' substituted by `gray' on input line 1371.
Package xcolor Info: Model `wave' substituted by `hsb' on input line 1372.
)
(c:/Program Files/texlive/2024/texmf-dist/tex/latex/listingsutf8/listingsutf8.s
ty
Package: listingsutf8 2019-12-10 v1.5 Allow UTF-8 in listings input (HO)
 (c:/Program Files/texlive/2024/texmf-dist/tex/latex/listings/listings.sty
\lst@mode=\count301
\lst@gtempboxa=\box55
\lst@token=\toks27
\lst@length=\count302
\lst@currlwidth=\dimen167
\lst@column=\count303
\lst@pos=\count304
\lst@lostspace=\dimen168
\lst@width=\dimen169
\lst@newlines=\count305
\lst@lineno=\count306
\lst@maxwidth=\dimen170

(c:/Program Files/texlive/2024/texmf-dist/tex/latex/listings/lstpatch.sty
File: lstpatch.sty 2024/09/23 1.10c (Carsten Heinz)
)
(c:/Program Files/texlive/2024/texmf-dist/tex/latex/listings/lstmisc.sty
File: lstmisc.sty 2024/09/23 1.10c (Carsten Heinz)
\c@lstnumber=\count307
\lst@skipnumbers=\count308
\lst@framebox=\box56
)
(c:/Program Files/texlive/2024/texmf-dist/tex/latex/listings/listings.cfg
File: listings.cfg 2024/09/23 1.10c listings configuration
))
Package: listings 2024/09/23 1.10c (Carsten Heinz)
)
(c:/Program Files/texlive/2024/texmf-dist/tex/latex/listings/lstlang1.sty
File: lstlang1.sty 2024/09/23 1.10c listings language file
)
(c:/Program Files/texlive/2024/texmf-dist/tex/latex/l3backend/l3backend-pdftex.
def
File: l3backend-pdftex.def 2024-05-08 L3 backend support: PDF output (pdfTeX)
\l__color_backend_stack_int=\count309
\l__pdf_internal_box=\box57
)

LaTeX Warning: Unused global option(s):
    [openany].

(./sprawozdanie.aux)
\openout1 = `sprawozdanie.aux'.

LaTeX Font Info:    Checking defaults for OML/cmm/m/it on input line 112.
LaTeX Font Info:    ... okay on input line 112.
LaTeX Font Info:    Checking defaults for OMS/cmsy/m/n on input line 112.
LaTeX Font Info:    ... okay on input line 112.
LaTeX Font Info:    Checking defaults for OT1/cmr/m/n on input line 112.
LaTeX Font Info:    ... okay on input line 112.
LaTeX Font Info:    Checking defaults for T1/cmr/m/n on input line 112.
LaTeX Font Info:    ... okay on input line 112.
LaTeX Font Info:    Checking defaults for TS1/cmr/m/n on input line 112.
LaTeX Font Info:    ... okay on input line 112.
LaTeX Font Info:    Checking defaults for OMX/cmex/m/n on input line 112.
LaTeX Font Info:    ... okay on input line 112.
LaTeX Font Info:    Checking defaults for U/cmr/m/n on input line 112.
LaTeX Font Info:    ... okay on input line 112.
LaTeX Font Info:    Checking defaults for PD1/pdf/m/n on input line 112.
LaTeX Font Info:    ... okay on input line 112.
LaTeX Font Info:    Checking defaults for PU/pdf/m/n on input line 112.
LaTeX Font Info:    ... okay on input line 112.
Package hyperref Info: Link coloring OFF on input line 112.
 (./sprawozdanie.out) (./sprawozdanie.out)
\@outlinefile=\write3
\openout3 = `sprawozdanie.out'.


(c:/Program Files/texlive/2024/texmf-dist/tex/context/base/mkii/supp-pdf.mkii
[Loading MPS to PDF converter (version 2006.09.02).]
\scratchcounter=\count310
\scratchdimen=\dimen171
\scratchbox=\box58
\nofMPsegments=\count311
\nofMParguments=\count312
\everyMPshowfont=\toks28
\MPscratchCnt=\count313
\MPscratchDim=\dimen172
\MPnumerator=\count314
\makeMPintoPDFobject=\count315
\everyMPtoPDFconversion=\toks29
)
(c:/Program Files/texlive/2024/texmf-dist/tex/latex/epstopdf-pkg/epstopdf-base.
sty
Package: epstopdf-base 2020-01-24 v2.11 Base part for package epstopdf
Package epstopdf-base Info: Redefining graphics rule for `.eps' on input line 4
85.

(c:/Program Files/texlive/2024/texmf-dist/tex/latex/latexconfig/epstopdf-sys.cf
g
File: epstopdf-sys.cfg 2010/07/13 v1.3 Configuration of (r)epstopdf for TeX Liv
e
))
*geometry* driver: auto-detecting
*geometry* detected driver: pdftex
*geometry* verbose mode - [ preamble ] result:
* driver: pdftex
* paper: a4paper
* layout: <same size as paper>
* layoutoffset:(h,v)=(0.0pt,0.0pt)
* modes: twoside 
* h-part:(L,W,R)=(56.9055pt, 483.69687pt, 56.9055pt)
* v-part:(T,H,B)=(71.13188pt, 702.78308pt, 71.13188pt)
* \paperwidth=597.50787pt
* \paperheight=845.04684pt
* \textwidth=483.69687pt
* \textheight=702.78308pt
* \oddsidemargin=-15.36449pt
* \evensidemargin=-15.36449pt
* \topmargin=-38.1381pt
* \headheight=12.0pt
* \headsep=25.0pt
* \topskip=12.0pt
* \footskip=30.0pt
* \marginparwidth=85.0pt
* \marginparsep=10.0pt
* \columnsep=10.0pt
* \skip\footins=10.8pt plus 4.0pt minus 2.0pt
* \hoffset=0.0pt
* \voffset=0.0pt
* \mag=1000
* \@twocolumnfalse
* \@twosidetrue
* \@mparswitchtrue
* \@reversemarginfalse
* (1in=72.27pt=25.4mm, 1cm=28.453pt)

\c@lstlisting=\count316


[1

{c:/Program Files/texlive/2024/texmf-var/fonts/map/pdftex/updmap/pdftex.map}{c:
/Program Files/texlive/2024/texmf-dist/fonts/enc/dvips/cm-super/cm-super-t1.enc
}] (./sprawozdanie.toc
LaTeX Font Info:    Trying to load font information for U+msa on input line 5.

(c:/Program Files/texlive/2024/texmf-dist/tex/latex/amsfonts/umsa.fd
File: umsa.fd 2013/01/14 v3.01 AMS symbols A
)
LaTeX Font Info:    Trying to load font information for U+msb on input line 5.

(c:/Program Files/texlive/2024/texmf-dist/tex/latex/amsfonts/umsb.fd
File: umsb.fd 2013/01/14 v3.01 AMS symbols B
))
\tf@toc=\write4
\openout4 = `sprawozdanie.toc'.



[2]

[3]

[4]
LaTeX Font Info:    Font shape `T1/cmtt/bx/n' in size <14.4> not available
(Font)              Font shape `T1/cmtt/m/n' tried instead on input line 223.
Package hyperref Info: bookmark level for unknown lstlisting defaults to 0 on i
nput line 224.
 (../solve_using_dsolve.m
LaTeX Font Info:    Font shape `T1/cmtt/bx/n' in size <10> not available
(Font)              Font shape `T1/cmtt/m/n' tried instead on input line 1.
)
Overfull \hbox (10.42773pt too wide) detected at line 230
[][]
 []



[5]

[6] (../Projekt1.m

[7])
Underfull \vbox (badness 10000) has occurred while \output is active []



[8] (../metoda1.m) (../metoda2.m) (../metoda3.m

[9])

[10] (./sprawozdanie.aux)
 ***********
LaTeX2e <2024-11-01>
L3 programming layer <2024-11-02>
 ***********
Package rerunfilecheck Info: File `sprawozdanie.out' has not changed.
(rerunfilecheck)             Checksum: 8CF0328AA696226D99B22CDAB2C1A60B;1085.
 ) 
Here is how much of TeX's memory you used:
 14992 strings out of 473361
 226504 string characters out of 5717897
 894646 words of memory out of 5000000
 37669 multiletter control sequences out of 15000+600000
 577944 words of font info for 86 fonts, out of 8000000 for 9000
 1141 hyphenation exceptions out of 8191
 75i,13n,79p,320b,1983s stack positions out of 10000i,1000n,20000p,200000b,200000s
<c:/Program Files/texlive/2024/texmf-dist/fonts/type1/public/amsfonts/cm/cmbx
12.pfb><c:/Program Files/texlive/2024/texmf-dist/fonts/type1/public/amsfonts/cm
/cmex10.pfb><c:/Program Files/texlive/2024/texmf-dist/fonts/type1/public/amsfon
ts/cm/cmmi10.pfb><c:/Program Files/texlive/2024/texmf-dist/fonts/type1/public/a
msfonts/cm/cmmi12.pfb><c:/Program Files/texlive/2024/texmf-dist/fonts/type1/pub
lic/amsfonts/cm/cmmi6.pfb><c:/Program Files/texlive/2024/texmf-dist/fonts/type1
/public/amsfonts/cm/cmmi8.pfb><c:/Program Files/texlive/2024/texmf-dist/fonts/t
ype1/public/amsfonts/cm/cmr10.pfb><c:/Program Files/texlive/2024/texmf-dist/fon
ts/type1/public/amsfonts/cm/cmr12.pfb><c:/Program Files/texlive/2024/texmf-dist
/fonts/type1/public/amsfonts/cm/cmr8.pfb><c:/Program Files/texlive/2024/texmf-d
ist/fonts/type1/public/amsfonts/cm/cmsy10.pfb><c:/Program Files/texlive/2024/te
xmf-dist/fonts/type1/public/amsfonts/cm/cmsy8.pfb><c:/Program Files/texlive/202
4/texmf-dist/fonts/type1/public/amsfonts/symbols/msbm10.pfb><c:/Program Files/t
exlive/2024/texmf-dist/fonts/type1/public/cm-super/sfbx1200.pfb><c:/Program Fil
es/texlive/2024/texmf-dist/fonts/type1/public/cm-super/sfbx1440.pfb><c:/Program
 Files/texlive/2024/texmf-dist/fonts/type1/public/cm-super/sfbx1728.pfb><c:/Pro
gram Files/texlive/2024/texmf-dist/fonts/type1/public/cm-super/sfbx2074.pfb><c:
/Program Files/texlive/2024/texmf-dist/fonts/type1/public/cm-super/sfit1000.pfb
><c:/Program Files/texlive/2024/texmf-dist/fonts/type1/public/cm-super/sfrm1000
.pfb><c:/Program Files/texlive/2024/texmf-dist/fonts/type1/public/cm-super/sfrm
1095.pfb><c:/Program Files/texlive/2024/texmf-dist/fonts/type1/public/cm-super/
sfrm1200.pfb><c:/Program Files/texlive/2024/texmf-dist/fonts/type1/public/cm-su
per/sfrm1440.pfb><c:/Program Files/texlive/2024/texmf-dist/fonts/type1/public/c
m-super/sfti1200.pfb><c:/Program Files/texlive/2024/texmf-dist/fonts/type1/publ
ic/cm-super/sftt1000.pfb><c:/Program Files/texlive/2024/texmf-dist/fonts/type1/
public/cm-super/sftt1095.pfb><c:/Program Files/texlive/2024/texmf-dist/fonts/ty
pe1/public/cm-super/sftt1200.pfb><c:/Program Files/texlive/2024/texmf-dist/font
s/type1/public/cm-super/sftt1440.pfb>
Output written on sprawozdanie.pdf (10 pages, 450581 bytes).
PDF statistics:
 480 PDF objects out of 1000 (max. 8388607)
 411 compressed objects within 5 object streams
 225 named destinations out of 1000 (max. 500000)
 57 words of extra memory for PDF output out of 10000 (max. 10000000)

